[INFO ] 2022-06-30 11:56:09.211 [main] PageObjectModel - Url Entered
[INFO ] 2022-06-30 11:56:09.223 [main] PageObjectModel - All Cookies deleted
[INFO ] 2022-06-30 11:56:32.520 [main] PageObjectModel - Click on Login button
[INFO ] 2022-06-30 11:56:36.012 [main] PageObjectModel - Enter Credentials
[INFO ] 2022-06-30 11:56:36.093 [main] PageObjectModel - Clicked on button
[INFO ] 2022-06-30 11:58:01.389 [main] PageObjectModel - Url Entered
[INFO ] 2022-06-30 11:58:01.651 [main] PageObjectModel - All Cookies deleted
[INFO ] 2022-06-30 11:58:10.031 [main] PageObjectModel - Click on Login button
[INFO ] 2022-06-30 11:58:13.397 [main] PageObjectModel - Enter Credentials
[INFO ] 2022-06-30 11:58:13.481 [main] PageObjectModel - Clicked on button
[INFO ] 2022-06-30 11:59:00.208 [main] PageObjectModel - Url Entered
[INFO ] 2022-06-30 11:59:00.459 [main] PageObjectModel - All Cookies deleted
[INFO ] 2022-06-30 11:59:09.081 [main] PageObjectModel - Click on Login button
[INFO ] 2022-06-30 11:59:12.585 [main] PageObjectModel - Enter Credentials
[INFO ] 2022-06-30 11:59:12.667 [main] PageObjectModel - Clicked on button
[INFO ] 2022-06-30 12:00:38.942 [main] PageObjectModel - Url Entered
[INFO ] 2022-06-30 12:00:39.226 [main] PageObjectModel - All Cookies deleted
[INFO ] 2022-06-30 12:00:47.774 [main] PageObjectModel - Click on Login button
[INFO ] 2022-06-30 12:00:51.324 [main] PageObjectModel - Enter Credentials
[INFO ] 2022-06-30 12:00:51.429 [main] PageObjectModel - Clicked on button
[INFO ] 2022-06-30 12:02:44.518 [main] PageObjectModel - Url Entered
[INFO ] 2022-06-30 12:02:44.779 [main] PageObjectModel - All Cookies deleted
[INFO ] 2022-06-30 12:02:53.170 [main] PageObjectModel - Click on Login button
[INFO ] 2022-06-30 12:02:56.597 [main] PageObjectModel - Enter Credentials
[INFO ] 2022-06-30 12:02:56.675 [main] PageObjectModel - Clicked on button
[INFO ] 2022-06-30 12:05:29.915 [main] PageObjectModel - Url Entered
[INFO ] 2022-06-30 12:05:30.353 [main] PageObjectModel - All Cookies deleted
[INFO ] 2022-06-30 12:05:38.985 [main] PageObjectModel - Click on Login button
[INFO ] 2022-06-30 12:05:42.410 [main] PageObjectModel - Enter Credentials
[INFO ] 2022-06-30 12:05:42.485 [main] PageObjectModel - Clicked on button
[INFO ] 2022-06-30 12:06:59.901 [main] PageObjectModel - Url Entered
[INFO ] 2022-06-30 12:07:00.497 [main] PageObjectModel - All Cookies deleted
[INFO ] 2022-06-30 12:07:11.059 [main] PageObjectModel - Click on Login button
[INFO ] 2022-06-30 12:07:14.548 [main] PageObjectModel - Enter Credentials
[INFO ] 2022-06-30 12:07:14.635 [main] PageObjectModel - Clicked on button
[INFO ] 2022-06-30 12:07:31.914 [main] PageObjectModel - Clicked on Logout button
[INFO ] 2022-06-30 12:11:11.456 [main] PageObjectModel - Url Entered
[INFO ] 2022-06-30 12:11:11.939 [main] PageObjectModel - All Cookies deleted
[INFO ] 2022-06-30 12:11:21.009 [main] PageObjectModel - Click on Login button
[INFO ] 2022-06-30 12:11:24.550 [main] PageObjectModel - Enter Credentials
[INFO ] 2022-06-30 12:11:24.636 [main] PageObjectModel - Clicked on button
[INFO ] 2022-06-30 12:12:35.742 [main] PageObjectModel - Url Entered
[INFO ] 2022-06-30 12:12:36.154 [main] PageObjectModel - All Cookies deleted
[INFO ] 2022-06-30 12:12:46.586 [main] PageObjectModel - Click on Login button
[INFO ] 2022-06-30 12:12:50.117 [main] PageObjectModel - Enter Credentials
[INFO ] 2022-06-30 12:12:50.203 [main] PageObjectModel - Clicked on button
[INFO ] 2022-06-30 12:13:03.982 [main] PageObjectModel - Clicked on Logout button
[INFO ] 2022-06-30 12:13:55.278 [main] PageObjectModel - Url Entered
[INFO ] 2022-06-30 12:13:55.958 [main] PageObjectModel - All Cookies deleted
[INFO ] 2022-06-30 12:14:05.562 [main] PageObjectModel - Click on Login button
[INFO ] 2022-06-30 12:14:08.943 [main] PageObjectModel - Enter Credentials
[INFO ] 2022-06-30 12:14:09.020 [main] PageObjectModel - Clicked on button
[INFO ] 2022-06-30 12:28:44.428 [main] PageObjectModel - Enter Credentials
[INFO ] 2022-06-30 12:28:44.514 [main] PageObjectModel - Clicked on button
[INFO ] 2022-06-30 12:30:44.084 [main] PageObjectModel - Enter Credentials
[INFO ] 2022-06-30 12:30:44.189 [main] PageObjectModel - Clicked on button
[INFO ] 2022-06-30 12:31:06.728 [main] PageObjectModel - Clicked on Logout button
[INFO ] 2022-06-30 12:31:14.499 [main] PageObjectModel - Enter Credentials
[INFO ] 2022-06-30 12:31:14.587 [main] PageObjectModel - Clicked on button
[INFO ] 2022-06-30 12:51:43.585 [main] PageObjectModel - Enter Credentials
[INFO ] 2022-06-30 12:51:43.672 [main] PageObjectModel - Clicked on button
[INFO ] 2022-06-30 12:52:01.697 [main] PageObjectModel - Clicked on Logout button
[INFO ] 2022-06-30 12:52:09.599 [main] PageObjectModel - Enter Credentials
[INFO ] 2022-06-30 12:52:09.678 [main] PageObjectModel - Clicked on button
[INFO ] 2022-06-30 14:11:08.312 [main] PageObjectModel - Url Entered
[INFO ] 2022-06-30 14:11:09.136 [main] PageObjectModel - All Cookies deleted
[INFO ] 2022-06-30 14:11:30.728 [main] PageObjectModel - Click on Login button
[INFO ] 2022-06-30 14:11:35.218 [main] PageObjectModel - Enter Credentials
[INFO ] 2022-06-30 14:11:35.328 [main] PageObjectModel - Clicked on button
[INFO ] 2022-06-30 14:13:18.549 [main] PageObjectModel - Enter Credentials
[INFO ] 2022-06-30 14:13:18.623 [main] PageObjectModel - Clicked on button
[INFO ] 2022-06-30 14:38:09.159 [main] PageObjectModel - Url Entered
[INFO ] 2022-06-30 14:38:09.728 [main] PageObjectModel - All Cookies deleted
[INFO ] 2022-06-30 14:38:23.023 [main] PageObjectModel - Click on Login button
[INFO ] 2022-06-30 14:38:26.383 [main] PageObjectModel - Enter Credentials
[INFO ] 2022-06-30 14:38:26.454 [main] PageObjectModel - Clicked on button
[INFO ] 2022-06-30 14:39:31.018 [main] PageObjectModel - Enter Credentials
[INFO ] 2022-06-30 14:39:31.094 [main] PageObjectModel - Clicked on button
[INFO ] 2022-06-30 14:46:36.563 [main] PageObjectModel - Url Entered
[INFO ] 2022-06-30 14:46:36.961 [main] PageObjectModel - All Cookies deleted
[INFO ] 2022-06-30 14:46:47.222 [main] PageObjectModel - Click on Login button
[INFO ] 2022-06-30 14:46:50.572 [main] PageObjectModel - Enter Credentials
[INFO ] 2022-06-30 14:46:50.652 [main] PageObjectModel - Clicked on button
[INFO ] 2022-06-30 14:47:55.137 [main] PageObjectModel - Enter Credentials
[INFO ] 2022-06-30 14:47:55.205 [main] PageObjectModel - Clicked on button
[INFO ] 2022-06-30 14:48:09.659 [main] PageObjectModel - Clicked on Logout button
[INFO ] 2022-06-30 14:48:17.330 [main] PageObjectModel - Enter Credentials
[INFO ] 2022-06-30 14:48:17.439 [main] PageObjectModel - Clicked on button
[INFO ] 2022-06-30 15:01:46.838 [main] PageObjectModel - Url Entered
[INFO ] 2022-06-30 15:01:46.889 [main] PageObjectModel - All Cookies deleted
[INFO ] 2022-06-30 15:02:05.860 [main] PageObjectModel - Click on Login button
[INFO ] 2022-06-30 15:02:09.326 [main] PageObjectModel - Enter Credentials
[INFO ] 2022-06-30 15:02:09.427 [main] PageObjectModel - Clicked on button
[INFO ] 2022-06-30 15:03:38.198 [main] PageObjectModel - Enter Credentials
[INFO ] 2022-06-30 15:03:38.274 [main] PageObjectModel - Clicked on button
[INFO ] 2022-06-30 16:19:40.674 [main] PageObjectModel - Url Entered
[INFO ] 2022-06-30 16:19:41.568 [main] PageObjectModel - All Cookies deleted
[INFO ] 2022-06-30 16:19:41.987 [main] PageObjectModel - Window Maximized
[INFO ] 2022-06-30 16:19:56.854 [main] PageObjectModel - Click on Login button
[INFO ] 2022-06-30 16:20:00.203 [main] PageObjectModel - Enter Credentials
[INFO ] 2022-06-30 16:20:00.271 [main] PageObjectModel - Clicked on button
[INFO ] 2022-06-30 16:20:33.788 [main] PageObjectModel - Clicked on Logout button
